<mxfile type="device" userAgent="Mozilla/5.0 (Windows NT 6.1; WOW64) AppleWebKit/537.36 (KHTML, like Gecko) Chrome/47.0.2526.106 Safari/537.36" version="5.2.8.5" editor="www.draw.io"><diagram>5Vpbb+I6EP41PK5EbhQee6Fnu2ql6qDV6jx6Ezfx2WBHxoFyfn0nyUyu0FalTYgOD+AM49s334zHAxPnev38l2ZJ9KACHk/safA8cW4mtm1NPRs+Msm+kHiLWSEItQhQqRKsxH+ceqI0FQHfNBSNUrERSVPoKym5bxoyprXaNdWeVNycNWEhzVgJVj6Lu9JfIjBRIZ3buItM/p2LMKKZrdmi+OY38/+EWqUS55vYzlP+Kr5eMxor36izBBC1UjBM1lo/X/M4A5IwKtC4PfJtuUjNJS7kjQ4XRY8ti1PcaLoBmHPhxuxp9zwAMPBRaROpUEkWLyvpVb5Dng07hafIrGNoWtD8lxuzR3uy1CgQVSPcK5WgXjFnNtHRvaBoo1LtoxayyjAdctTyShyBjFytudF7UNE8ZkZsm6MzZEVY6lVgQQPxOowdTl2D7p6l0o+47sC3i4Thq4Tlq96BgzQhwoG4Npz85cjmu9vCDq6DfoLuZbv4vKvIukBRVOMpdTsFCHc8dEG61+mSm7EHulgjgsn5fJjyrpdas6wXKSRKSJNHGxz5MRNUrLbnuTNXrJ62wllL3714VR8axQoqg5VbeZcNEZeay//4KYX5O4UzZwivL70c92s5uP8evB5nqmGxlKGQHGSXj3cDgOGQeRAMp8cQSFnKGJwbM5bBndsjCpXOWtjv/c7d0D/ZuRGXGqEf2JZLEGVz2NO7myW8P8YpsLybIfVwxM+Hc3bMZf+nR/yH6O1Oz+vssgirEdhwfiY2nL1uk95tiLjUQtT1/RBH7ax12+gzFHVvrFBxCGDvFJuHSD1mw+Fh4bk1Br+2EJZB7l/dhHUF68jcfxbDWq4CsYVmmDXzrJ7kMHDtqw7Ym4glWVMqkyHbg/MRkyjIYI2nTjZKFepkszAYnYbiiDIB68Ax0ldxiOZuXxU9uiT1HqM8oskr1yOLAtJnByk6uUZRUqTy8ifS5mMZpNe0mLsoQtjR7KOl73gN/ZOzD9pgjdP/AG63qTRsY4T/MWoHQkO9XigJz2CGjIpfQffy9tQL3c+p1tfgNpZIDrjAO+hOPHNbhRaq0h1lfpeqbw1RrAZ7VcCf7EJ4KRvMhTB7HUUcPJCsnUccbBqlfyMeyCQT7osn4QMKSp7NEe/2esQfKY6755PxUOLcBxw0RhuObwMVx1u/FHhfVxyHx+oH7MK9qr8EOMsX</diagram></mxfile>